%!Adobe-FontList 1.23
%Locale:0x412

%BeginFont
Handler:DirectoryHandler
FontType:Invalid
OutlineFileName:C:\Users\leehw\OneDrive\Desktop\simon-plus1degree\Font\GmarketSansBold.woff2
FileModTime:1730601108
%EndFont

%BeginFont
Handler:DirectoryHandler
FontType:Invalid
OutlineFileName:C:\Users\leehw\OneDrive\Desktop\simon-plus1degree\Font\GmarketSansLight.woff2
FileModTime:1730601108
%EndFont

%BeginFont
Handler:DirectoryHandler
FontType:Invalid
OutlineFileName:C:\Users\leehw\OneDrive\Desktop\simon-plus1degree\Font\GmarketSansMedium.woff2
FileModTime:1730601107
%EndFont

